d:\workplace\vs_project\贪吃蛇\贪吃蛇\x64\debug\vc143.pdb
d:\workplace\vs_project\贪吃蛇\贪吃蛇\x64\debug\vc143.idb
d:\workplace\vs_project\贪吃蛇\贪吃蛇\x64\debug\main.obj
d:\workplace\vs_project\贪吃蛇\贪吃蛇\x64\debug\wall.obj
d:\workplace\vs_project\贪吃蛇\贪吃蛇\x64\debug\snake.obj
d:\workplace\vs_project\贪吃蛇\x64\debug\贪吃蛇.pdb
d:\workplace\vs_project\贪吃蛇\贪吃蛇\x64\debug\贪吃蛇.tlog\cl.command.1.tlog
d:\workplace\vs_project\贪吃蛇\贪吃蛇\x64\debug\贪吃蛇.tlog\cl.read.1.tlog
d:\workplace\vs_project\贪吃蛇\贪吃蛇\x64\debug\贪吃蛇.tlog\cl.write.1.tlog
d:\workplace\vs_project\贪吃蛇\贪吃蛇\x64\debug\贪吃蛇.tlog\link-cvtres.read.1.tlog
d:\workplace\vs_project\贪吃蛇\贪吃蛇\x64\debug\贪吃蛇.tlog\link-cvtres.write.1.tlog
d:\workplace\vs_project\贪吃蛇\贪吃蛇\x64\debug\贪吃蛇.tlog\link-rc.read.1.tlog
d:\workplace\vs_project\贪吃蛇\贪吃蛇\x64\debug\贪吃蛇.tlog\link-rc.write.1.tlog
d:\workplace\vs_project\贪吃蛇\贪吃蛇\x64\debug\贪吃蛇.tlog\link.10576-cvtres.read.1.tlog
d:\workplace\vs_project\贪吃蛇\贪吃蛇\x64\debug\贪吃蛇.tlog\link.10576-cvtres.write.1.tlog
d:\workplace\vs_project\贪吃蛇\贪吃蛇\x64\debug\贪吃蛇.tlog\link.10576-rc.read.1.tlog
d:\workplace\vs_project\贪吃蛇\贪吃蛇\x64\debug\贪吃蛇.tlog\link.10576-rc.write.1.tlog
d:\workplace\vs_project\贪吃蛇\贪吃蛇\x64\debug\贪吃蛇.tlog\link.10576.read.1.tlog
d:\workplace\vs_project\贪吃蛇\贪吃蛇\x64\debug\贪吃蛇.tlog\link.10576.read.2.tlog
d:\workplace\vs_project\贪吃蛇\贪吃蛇\x64\debug\贪吃蛇.tlog\link.10576.write.1.tlog
d:\workplace\vs_project\贪吃蛇\贪吃蛇\x64\debug\贪吃蛇.tlog\link.command.1.tlog
d:\workplace\vs_project\贪吃蛇\贪吃蛇\x64\debug\贪吃蛇.tlog\link.read.1.tlog
d:\workplace\vs_project\贪吃蛇\贪吃蛇\x64\debug\贪吃蛇.tlog\link.read.2.tlog
d:\workplace\vs_project\贪吃蛇\贪吃蛇\x64\debug\贪吃蛇.tlog\link.write.1.tlog
